Mono path[0] = 'D:/mfgy/Magicraft/Magicraft_Data/Managed'
Mono config path = 'D:/mfgy/Magicraft/MonoBleedingEdge/etc'
AS: AutoStreaming module initializing.
[Physics::Module] Initialized MultithreadedJobDispatcher with {0} workers.
Initialize engine version: 2021.3.32f1c1 (fa19b96eeab7)
[Subsystems] Discovering subsystems at path D:/mfgy/Magicraft/Magicraft_Data/UnitySubsystems
GfxDevice: creating device client; threaded=1; jobified=1
Direct3D:
    Version:  Direct3D 11.0 [level 11.1]
    Renderer: NVIDIA GeForce MX350 (ID=0x1c94)
    Vendor:   NVIDIA
    VRAM:     1979 MB
    Driver:   30.0.15.1215
Begin MonoManager ReloadAssembly
- Completed reload, in  9.392 seconds
<RI> Initializing input.
New input system (experimental) initialized
Using XInput
XInput1_3.dll not found. Trying XInput9_1_0.dll instead...
<RI> Input initialized.
<RI> Initialized touch support.
UnloadTime: 2.117400 ms
======================================================================
Game Version: 0.82.13b
Launch Time: 2024-5-25 22:51:31
OS: Windows 11  (10.0.22631) 64bit
Device: Desktop
DeviceModel: 82DN (LENOVO)
Current Directory: D:\mfgy\Magicraft
Domain Base Directory: D:\mfgy\Magicraft
Files in game directory: 
	 - D:\mfgy\Magicraft\Magicraft_BurstDebugInformation_DoNotShip\
	 - D:\mfgy\Magicraft\Magicraft_Data\
	 - D:\mfgy\Magicraft\MonoBleedingEdge\
	 - D:\mfgy\Magicraft\Magicraft_Data\
	 - D:\mfgy\Magicraft\Magicraft.exe
	 - D:\mfgy\Magicraft\steam_appid.txt
	 - D:\mfgy\Magicraft\UnityCrashHandler64.exe
	 - D:\mfgy\Magicraft\UnityPlayer.dll
	 - D:\mfgy\Magicraft\启动密码-必看.txt
	 - D:\mfgy\Magicraft\永久防迷路.url
	 - D:\mfgy\Magicraft\防迷路-www.laoquzhang.com.url
MD5 Check:
	 - \Magicraft_Data\Managed\Assembly-CSharp.dll >>> c16ff11d12cd7a0961229b9007877b08
	 - \Magicraft_Data\Plugins\x86_64\steam_api64.dll >>> 37a7e0deae6e7bd1154f8fd059f9a241
	 - \Magicraft.exe >>> cf45836e5ac9f2f222f1fa1e26c4a3a3
Check time cost: 0.225
======================================================================
The referenced script on this Behaviour (Game Object 'EF_Elite8_HalfSelves') is missing!
The referenced script on this Behaviour (Game Object 'EF_Monster41_Tentacle') is missing!
通关记录备份不存在
生成新的通关记录
通关数据存在
摧毁Mobilemgr
Save SettingData
SteamID: 76561198258633062
SteamConnected
You must have atleast one friend to use the SteamFriends test!
Unloading 8 Unused Serialized files (Serialized files now loaded: 0)
UnloadTime: 8.481800 ms
Releasing render texture that is set as Camera.targetTexture!
Releasing render texture that is set as Camera.targetTexture!
Unloading 57772 unused Assets to reduce memory usage. Loaded Objects now: 22714.
Total: 167.771700 ms (FindLiveObjects: 5.099200 ms CreateObjectMapping: 11.511100 ms MarkObjects: 13.777400 ms  DeleteObjects: 137.383300 ms)

Languegechange
GoToMainMenue
已经连接了Steam,不需要重新连接
EKGFIJJONHJ
<RI.Hid> Failed to create device file:
 20 另一个程序正在使用此文件，进程无法访问。
Unloading 5 Unused Serialized files (Serialized files now loaded: 0)
UnloadTime: 8.720300 ms
Unloading 86 unused Assets to reduce memory usage. Loaded Objects now: 27091.
Total: 27.335400 ms (FindLiveObjects: 2.758700 ms CreateObjectMapping: 1.937900 ms MarkObjects: 21.379400 ms  DeleteObjects: 1.258500 ms)

法杖的 config 为空，怎么更新显示状态？
CFG 为空的法杖不能 ResetAndRecheck
20045finish
20025finish
20147finish
20005finish
20139finish
20133finish
20109finish
21002finish
法杖的 config 为空，怎么更新显示状态？
CFG 为空的法杖不能 ResetAndRecheck
法杖的 config 为空，怎么更新显示状态？
CFG 为空的法杖不能 ResetAndRecheck
Show
30118finish
30020finish
30058finish
30107finish
30064finish
没找到可以行走的点,返回最接近的点
为什么没有找到点 请检查！
为什么没有找到点 请检查！
为什么没有找到点 请检查！
没有路径 这不应该发生！
30124finish
没找到可以行走的点,返回最接近的点
为什么没有找到点 请检查！
为什么没有找到点 请检查！
为什么没有找到点 请检查！
没有路径 这不应该发生！
30077finish
31002finish
为什么免疫击退计数器会小于0
为什么免疫击退计数器会小于0
为什么免疫击退计数器会小于0
为什么免疫击退计数器会小于0
为什么免疫击退计数器会小于0
为什么免疫击退计数器会小于0
40030finish
40034finish
40046finish
为什么免疫击退计数器会小于0
为什么免疫击退计数器会小于0
为什么免疫击退计数器会小于0
为什么免疫击退计数器会小于0
为什么免疫击退计数器会小于0
为什么免疫击退计数器会小于0
为什么免疫击退计数器会小于0
为什么免疫击退计数器会小于0
为什么免疫击退计数器会小于0
为什么免疫击退计数器会小于0
为什么免疫击退计数器会小于0
为什么免疫击退计数器会小于0
为什么免疫击退计数器会小于0
为什么免疫击退计数器会小于0
为什么免疫击退计数器会小于0
为什么免疫击退计数器会小于0
为什么免疫击退计数器会小于0
为什么免疫击退计数器会小于0
40032finish
40016finish
40047finish
40026finish
没找到可以行走的点,返回最接近的点
为什么没有找到点 请检查！
为什么没有找到点 请检查！
为什么没有找到点 请检查！
没有路径 这不应该发生！
find set3
41001finish
法杖的 config 为空，怎么更新显示状态？
CFG 为空的法杖不能 ResetAndRecheck
法杖的 config 为空，怎么更新显示状态？
CFG 为空的法杖不能 ResetAndRecheck
Show
50058finish
BAKNJPKGJKF
BAKNJPKGJKF
为什么没有找到点 请检查！
为什么没有找到点 请检查！
没有路径 这不应该发生！
法杖的 config 为空，怎么更新显示状态？
CFG 为空的法杖不能 ResetAndRecheck
为什么没有找到点 请检查！
为什么没有找到点 请检查！
没有路径 这不应该发生！
50043finish
50030finish
50052finish
50002finish
LLPLCGKPHBP
BAKNJPKGJKF
50018finish
51001finish
60036finish
60050finish
60024finish
LLPLCGKPHBP
BAKNJPKGJKF
60056finish
成就get epic spell未完成，完成它
完成成就get epic spell失败
上传到Steam
[1102 - UserStatsStored] - 2103140 -- IKPEGNCDFJK
60016finish
60055finish
BAKNJPKGJKF
61001finish
通关数据存在
当前难度BAKNJPKGJKF
上传UGC
此次用时：3814.699
记录用时:0
上传
上传build
FileWrite(LeaderboardBuildNormal, Data, 13193) - True
SteamRemoteStorage.FileShare(LeaderboardBuildNormal) : 15304888423267198960
[1307 - RemoteStorageFileShareResult] - IKPEGNCDFJK -- 6315546753476362784 -- LeaderboardBuildNormal
上传UGC成功:6315546753476362784
上传成功
上传统计数据
要上传的ugcid6315546753476362784
上传我的统计数据:6315546753476362784
上传到Steam
我的数据获取完成
[1102 - UserStatsStored] - 2103140 -- IKPEGNCDFJK
没朋友
SteamScreenshots.WriteScreenshot(System.Byte[], 6220800, 1920, 1080) : 100
SteamScreenshots.WriteScreenshot(System.Byte[], 6220800, 1920, 1080) : 101
SteamScreenshots.WriteScreenshot(System.Byte[], 6220800, 1920, 1080) : 102
结算关闭
成就finish normal未完成，完成它
完成成就finish normal失败
上传到Steam
Unloading 7 Unused Serialized files (Serialized files now loaded: 0)
UnloadTime: 37.704400 ms
Releasing render texture that is set as Camera.targetTexture!
Releasing render texture that is set as Camera.targetTexture!
Unloading 21080 unused Assets to reduce memory usage. Loaded Objects now: 28261.
Total: 136.215900 ms (FindLiveObjects: 6.825500 ms CreateObjectMapping: 5.804600 ms MarkObjects: 22.868200 ms  DeleteObjects: 100.717100 ms)

[1102 - UserStatsStored] - 2103140 -- IKPEGNCDFJK
Unloading 6 Unused Serialized files (Serialized files now loaded: 0)
UnloadTime: 6.711900 ms
Releasing render texture that is set as Camera.targetTexture!
Unloading 555 unused Assets to reduce memory usage. Loaded Objects now: 39121.
Total: 36.694000 ms (FindLiveObjects: 3.667900 ms CreateObjectMapping: 2.143800 ms MarkObjects: 27.446500 ms  DeleteObjects: 3.434800 ms)

enter Camp
Unloading 5 Unused Serialized files (Serialized files now loaded: 0)
UnloadTime: 60.660500 ms
Releasing render texture that is set as Camera.targetTexture!
Unloading 3083 unused Assets to reduce memory usage. Loaded Objects now: 28575.
Total: 42.742400 ms (FindLiveObjects: 3.290300 ms CreateObjectMapping: 1.833000 ms MarkObjects: 23.403600 ms  DeleteObjects: 14.214800 ms)

1011finish
10167finish
10100finish
10139finish
10046finish
10018finish
11004finish
20064finish
20052finish
法杖的 config 为空，怎么更新显示状态？
CFG 为空的法杖不能 ResetAndRecheck
20075finish
为什么免疫击退计数器会小于0
20152finish
20078finish
为什么免疫击退计数器会小于0
20140finish
BoxColliders does not support negative scale or size.
The effective box size has been forced positive and is likely to give unexpected collision geometry.
If you absolutely need to use negative scaling you can use the convex MeshCollider. Scene hierarchy path "RoomController(Clone)/HideBoundary(Clone)"
21001finish
法杖的 config 为空，怎么更新显示状态？
CFG 为空的法杖不能 ResetAndRecheck
Show
30107finish
30077finish
30032finish
30002finish
30060finish
30131finish
30005finish
31001finish
40003finish
40063finish
40042finish
为什么免疫击退计数器会小于0
为什么免疫击退计数器会小于0
为什么免疫击退计数器会小于0
为什么免疫击退计数器会小于0
为什么免疫击退计数器会小于0
为什么免疫击退计数器会小于0
为什么免疫击退计数器会小于0
为什么免疫击退计数器会小于0
为什么免疫击退计数器会小于0
为什么免疫击退计数器会小于0
为什么免疫击退计数器会小于0
为什么免疫击退计数器会小于0
为什么免疫击退计数器会小于0
为什么免疫击退计数器会小于0
为什么免疫击退计数器会小于0
为什么免疫击退计数器会小于0
为什么免疫击退计数器会小于0
40032finish
为什么免疫击退计数器会小于0
为什么免疫击退计数器会小于0
为什么免疫击退计数器会小于0
为什么免疫击退计数器会小于0
为什么免疫击退计数器会小于0
为什么免疫击退计数器会小于0
为什么免疫击退计数器会小于0
为什么免疫击退计数器会小于0
40025finish
40020finish
BoxColliders does not support negative scale or size.
The effective box size has been forced positive and is likely to give unexpected collision geometry.
If you absolutely need to use negative scaling you can use the convex MeshCollider. Scene hierarchy path "RoomController(Clone)/HideBoundary(Clone)"
find set3
41001finish
Show
50023finish
50042finish
BAKNJPKGJKF
BAKNJPKGJKF
为什么没有找到点 请检查！
为什么没有找到点 请检查！
没有路径 这不应该发生！
BAKNJPKGJKF
BAKNJPKGJKF
为什么没有找到点 请检查！
为什么没有找到点 请检查！
没有路径 这不应该发生！
为什么没有找到点 请检查！
为什么没有找到点 请检查！
没有路径 这不应该发生！
50018finish
50002finish
50071finish
51001finish
BAKNJPKGJKF
BAKNJPKGJKF
为什么没有找到点 请检查！
为什么没有找到点 请检查！
没有路径 这不应该发生！
60052finish
60021finish
LLPLCGKPHBP
BAKNJPKGJKF
Player Dead
击杀者idECDKKFJEIBI
Unloading 6 Unused Serialized files (Serialized files now loaded: 0)
UnloadTime: 42.907400 ms
Releasing render texture that is set as Camera.targetTexture!
Releasing render texture that is set as Camera.targetTexture!
Unloading 71167 unused Assets to reduce memory usage. Loaded Objects now: 39212.
Total: 378.177700 ms (FindLiveObjects: 23.226700 ms CreateObjectMapping: 17.976900 ms MarkObjects: 23.246100 ms  DeleteObjects: 313.727400 ms)

enter Camp
Unloading 5 Unused Serialized files (Serialized files now loaded: 0)
UnloadTime: 67.689900 ms
Releasing render texture that is set as Camera.targetTexture!
Unloading 2459 unused Assets to reduce memory usage. Loaded Objects now: 28973.
Total: 49.148800 ms (FindLiveObjects: 5.086700 ms CreateObjectMapping: 2.855100 ms MarkObjects: 26.308700 ms  DeleteObjects: 14.897600 ms)

0
禁用控制
改键成功:WASD>1/Key:/Keyboard/l
Save SettingData
恢复控制
1
禁用控制
改键成功:WASD>2/Key:/Keyboard/period
Save SettingData
恢复控制
2
禁用控制
改键成功:WASD>3/Key:/Keyboard/comma
Save SettingData
恢复控制
3
禁用控制
改键成功:WASD>4/Key:/Keyboard/slash
Save SettingData
恢复控制
0
禁用控制
改键成功:WASD>1/Key:/Keyboard/w
Save SettingData
恢复控制
1
禁用控制
改键成功:WASD>2/Key:/Keyboard/s
Save SettingData
恢复控制
2
禁用控制
改键成功:WASD>3/Key:/Keyboard/a
Save SettingData
恢复控制
3
禁用控制
改键成功:WASD>4/Key:/Keyboard/d
Save SettingData
恢复控制
Save SettingData
1011finish
10181finish
10147finish
没找到可以行走的点,返回最接近的点
没找到可以行走的点,返回最接近的点
10144finish
10037finish
为什么免疫击退计数器会小于0
10155finish
11002finish
法杖的 config 为空，怎么更新显示状态？
CFG 为空的法杖不能 ResetAndRecheck
20025finish
20149finish
20103finish
20154finish
20106finish
20090finish
BoxColliders does not support negative scale or size.
The effective box size has been forced positive and is likely to give unexpected collision geometry.
If you absolutely need to use negative scaling you can use the convex MeshCollider. Scene hierarchy path "RoomController(Clone)/HideBoundary(Clone)"
21002finish
法杖的 config 为空，怎么更新显示状态？
CFG 为空的法杖不能 ResetAndRecheck
Show
30123finish
30101finish
30096finish
法杖的 config 为空，怎么更新显示状态？
CFG 为空的法杖不能 ResetAndRecheck
30128finish
31003finish
没找到可以行走的点,返回最接近的点
40029finish
40084finish
40061finish
为什么免疫击退计数器会小于0
为什么免疫击退计数器会小于0
为什么免疫击退计数器会小于0
为什么免疫击退计数器会小于0
为什么免疫击退计数器会小于0
为什么免疫击退计数器会小于0
为什么免疫击退计数器会小于0
为什么免疫击退计数器会小于0
40030finish
为什么免疫击退计数器会小于0
为什么免疫击退计数器会小于0
为什么免疫击退计数器会小于0
40087finish
find set3
41001finish
法杖的 config 为空，怎么更新显示状态？
CFG 为空的法杖不能 ResetAndRecheck
Show
50018finish
50029finish
50069finish
50004finish
LLPLCGKPHBP
BAKNJPKGJKF
50057finish
51002finish
60047finish
60040finish
LLPLCGKPHBP
BAKNJPKGJKF
60009finish
60021finish
成就get level3 spell未完成，完成它
完成成就get level3 spell失败
上传到Steam
[1102 - UserStatsStored] - 2103140 -- IKPEGNCDFJK
60013finish
60050finish
BAKNJPKGJKF
BAKNJPKGJKF
BAKNJPKGJKF
Player Dead
击杀者id500422
Unloading 6 Unused Serialized files (Serialized files now loaded: 0)
UnloadTime: 54.532700 ms
Releasing render texture that is set as Camera.targetTexture!
Releasing render texture that is set as Camera.targetTexture!
Unloading 18249 unused Assets to reduce memory usage. Loaded Objects now: 38323.
Total: 111.151600 ms (FindLiveObjects: 9.036100 ms CreateObjectMapping: 12.455000 ms MarkObjects: 26.068500 ms  DeleteObjects: 63.591100 ms)

enter Camp
保存备份存档
Setting up 12 worker threads for Enlighten.
Curl error 42: Callback aborted
Memory Statistics:
[ALLOC_TEMP_TLS] TLS Allocator
  StackAllocators : 
    [ALLOC_TEMP_MAIN]
      Peak usage frame count: [4.0 KB-8.0 KB]: 273 frames, [8.0 KB-16.0 KB]: 365562 frames, [16.0 KB-32.0 KB]: 70514 frames, [32.0 KB-64.0 KB]: 104610 frames, [64.0 KB-128.0 KB]: 10270 frames, [128.0 KB-256.0 KB]: 34901 frames, [256.0 KB-0.5 MB]: 92778 frames, [0.5 MB-1.0 MB]: 279521 frames, [1.0 MB-2.0 MB]: 41 frames, [2.0 MB-4.0 MB]: 3 frames, [4.0 MB-8.0 MB]: 6 frames
      Initial Block Size 4.0 MB
      Current Block Size 7.9 MB
      Peak Allocated Bytes 7.9 MB
      Overflow Count 5
    [ALLOC_TEMP_Loading.AsyncRead]
      Initial Block Size 64.0 KB
      Current Block Size 64.0 KB
      Peak Allocated Bytes 256 B
      Overflow Count 0
    [ALLOC_TEMP_Loading.PreloadManager]
      Initial Block Size 256.0 KB
      Current Block Size 0.5 MB
      Peak Allocated Bytes 382.7 KB
      Overflow Count 82
    [ALLOC_TEMP_Background Job.Worker 8]
      Initial Block Size 32.0 KB
      Current Block Size 32.0 KB
      Peak Allocated Bytes 1.6 KB
      Overflow Count 0
    [ALLOC_TEMP_Job.Worker 6]
      Initial Block Size 256.0 KB
      Current Block Size 256.0 KB
      Peak Allocated Bytes 69.8 KB
      Overflow Count 0
    [ALLOC_TEMP_Job.Worker 0]
      Initial Block Size 256.0 KB
      Current Block Size 256.0 KB
      Peak Allocated Bytes 69.8 KB
      Overflow Count 0
    [ALLOC_TEMP_Background Job.Worker 10]
      Initial Block Size 32.0 KB
      Current Block Size 32.0 KB
      Peak Allocated Bytes 1.6 KB
      Overflow Count 0
    [ALLOC_TEMP_Background Job.Worker 9]
      Initial Block Size 32.0 KB
      Current Block Size 32.0 KB
      Peak Allocated Bytes 1.6 KB
      Overflow Count 0
    [ALLOC_TEMP_Job.Worker 5]
      Initial Block Size 256.0 KB
      Current Block Size 256.0 KB
      Peak Allocated Bytes 194.9 KB
      Overflow Count 0
    [ALLOC_TEMP_Background Job.Worker 14]
      Initial Block Size 32.0 KB
      Current Block Size 32.0 KB
      Peak Allocated Bytes 1.6 KB
      Overflow Count 0
    [ALLOC_TEMP_Background Job.Worker 6]
      Initial Block Size 32.0 KB
      Current Block Size 32.0 KB
      Peak Allocated Bytes 1.6 KB
      Overflow Count 0
    [ALLOC_TEMP_Job.Worker 4]
      Initial Block Size 256.0 KB
      Current Block Size 256.0 KB
      Peak Allocated Bytes 69.8 KB
      Overflow Count 0
    [ALLOC_TEMP_Job.Worker 3]
      Initial Block Size 256.0 KB
      Current Block Size 256.0 KB
      Peak Allocated Bytes 69.8 KB
      Overflow Count 0
    [ALLOC_TEMP_Background Job.Worker 12]
      Initial Block Size 32.0 KB
      Current Block Size 32.0 KB
      Peak Allocated Bytes 1.6 KB
      Overflow Count 0
    [ALLOC_TEMP_EnlightenWorker] x 12
      Initial Block Size 64.0 KB
      Current Block Size 64.0 KB
      Peak Allocated Bytes 54 B
      Overflow Count 0
    [ALLOC_TEMP_Background Job.Worker 15]
      Initial Block Size 32.0 KB
      Current Block Size 32.0 KB
      Peak Allocated Bytes 54 B
      Overflow Count 0
    [ALLOC_TEMP_Background Job.Worker 1]
      Initial Block Size 32.0 KB
      Current Block Size 32.0 KB
      Peak Allocated Bytes 1.6 KB
      Overflow Count 0
    [ALLOC_TEMP_Background Job.Worker 2]
      Initial Block Size 32.0 KB
      Current Block Size 32.0 KB
      Peak Allocated Bytes 1.6 KB
      Overflow Count 0
    [ALLOC_TEMP_Background Job.Worker 7]
      Initial Block Size 32.0 KB
      Current Block Size 32.0 KB
      Peak Allocated Bytes 54 B
      Overflow Count 0
    [ALLOC_TEMP_UnityGfxDeviceWorker]
      Initial Block Size 256.0 KB
      Current Block Size 256.0 KB
      Peak Allocated Bytes 192.0 KB
      Overflow Count 0
    [ALLOC_TEMP_NavMesh Builder.Worker 0]
      Initial Block Size 64.0 KB
      Current Block Size 64.0 KB
      Peak Allocated Bytes 22.4 KB
      Overflow Count 0
    [ALLOC_TEMP_Background Job.Worker 5]
      Initial Block Size 32.0 KB
      Current Block Size 32.0 KB
      Peak Allocated Bytes 1.6 KB
      Overflow Count 0
    [ALLOC_TEMP_Job.Worker 9]
      Initial Block Size 256.0 KB
      Current Block Size 256.0 KB
      Peak Allocated Bytes 69.8 KB
      Overflow Count 0
    [ALLOC_TEMP_AssetGarbageCollectorHelper] x 11
      Initial Block Size 64.0 KB
      Current Block Size 64.0 KB
      Peak Allocated Bytes 0 B
      Overflow Count 0
    [ALLOC_TEMP_Background Job.Worker 13]
      Initial Block Size 32.0 KB
      Current Block Size 32.0 KB
      Peak Allocated Bytes 67 B
      Overflow Count 0
    [ALLOC_TEMP_Job.Worker 8]
      Initial Block Size 256.0 KB
      Current Block Size 256.0 KB
      Peak Allocated Bytes 69.8 KB
      Overflow Count 0
    [ALLOC_TEMP_Job.Worker 7]
      Initial Block Size 256.0 KB
      Current Block Size 256.0 KB
      Peak Allocated Bytes 69.8 KB
      Overflow Count 0
    [ALLOC_TEMP_Job.Worker 1]
      Initial Block Size 256.0 KB
      Current Block Size 256.0 KB
      Peak Allocated Bytes 69.8 KB
      Overflow Count 0
    [ALLOC_TEMP_Job.Worker 2]
      Initial Block Size 256.0 KB
      Current Block Size 256.0 KB
      Peak Allocated Bytes 69.8 KB
      Overflow Count 0
    [ALLOC_TEMP_Background Job.Worker 3]
      Initial Block Size 32.0 KB
      Current Block Size 32.0 KB
      Peak Allocated Bytes 1.6 KB
      Overflow Count 0
    [ALLOC_TEMP_Background Job.Worker 11]
      Initial Block Size 32.0 KB
      Current Block Size 32.0 KB
      Peak Allocated Bytes 54 B
      Overflow Count 0
    [ALLOC_TEMP_Job.Worker 10]
      Initial Block Size 256.0 KB
      Current Block Size 256.0 KB
      Peak Allocated Bytes 69.8 KB
      Overflow Count 0
    [ALLOC_TEMP_Background Job.Worker 0]
      Initial Block Size 32.0 KB
      Current Block Size 32.0 KB
      Peak Allocated Bytes 1.6 KB
      Overflow Count 0
    [ALLOC_TEMP_CloudJob.Worker 0] x 2
      Initial Block Size 32.0 KB
      Current Block Size 32.0 KB
      Peak Allocated Bytes 10.7 KB
      Overflow Count 0
    [ALLOC_TEMP_HIDInput]
      Initial Block Size 64.0 KB
      Current Block Size 64.0 KB
      Peak Allocated Bytes 10.8 KB
      Overflow Count 0
    [ALLOC_TEMP_Background Job.Worker 4]
      Initial Block Size 32.0 KB
      Current Block Size 32.0 KB
      Peak Allocated Bytes 54 B
      Overflow Count 0
    [ALLOC_TEMP_BatchDeleteObjects]
      Initial Block Size 64.0 KB
      Current Block Size 64.0 KB
      Peak Allocated Bytes 54 B
      Overflow Count 0
[ALLOC_DEFAULT] Dual Thread Allocator
  Peak main deferred allocation count 64849
    [ALLOC_BUCKET]
      Large Block size 4.0 MB
      Used Block count 1
      Peak Allocated bytes 4.0 MB
      Failed Allocations. Bucket layout:
        16B: 57 Subsections = 58368 buckets. Failed count: 101266720
        32B: 20 Subsections = 10240 buckets. Failed count: 74959661
        48B: 22 Subsections = 7509 buckets. Failed count: 58364997
        64B: 79 Subsections = 20224 buckets. Failed count: 6842262
        80B: 48 Subsections = 9830 buckets. Failed count: 6398248
        96B: 11 Subsections = 1877 buckets. Failed count: 3291549
        112B: 13 Subsections = 1901 buckets. Failed count: 5202247
        128B: 6 Subsections = 768 buckets. Failed count: 3016205
    [ALLOC_DEFAULT_MAIN]
      Peak usage frame count: [32.0 MB-64.0 MB]: 4500 frames, [64.0 MB-128.0 MB]: 415532 frames, [128.0 MB-256.0 MB]: 180342 frames, [256.0 MB-0.50 GB]: 347666 frames, [0.50 GB-1.00 GB]: 10439 frames
      Requested Block Size 16.0 MB
      Peak Block count 31
      Peak Allocated memory 0.51 GB
      Peak Large allocation bytes 245.1 MB
    [ALLOC_DEFAULT_THREAD]
      Peak usage frame count: [32.0 MB-64.0 MB]: 958478 frames, [64.0 MB-128.0 MB]: 1 frames
      Requested Block Size 16.0 MB
      Peak Block count 4
      Peak Allocated memory 80.5 MB
      Peak Large allocation bytes 64.0 MB
[ALLOC_TEMP_JOB_1_FRAME]
  Initial Block Size 2.0 MB
  Used Block Count 1
  Overflow Count (too large) 0
  Overflow Count (full) 0
[ALLOC_TEMP_JOB_2_FRAMES]
  Initial Block Size 2.0 MB
  Used Block Count 1
  Overflow Count (too large) 0
  Overflow Count (full) 0
[ALLOC_TEMP_JOB_4_FRAMES (JobTemp)]
  Initial Block Size 2.0 MB
  Used Block Count 14
  Overflow Count (too large) 0
  Overflow Count (full) 0
[ALLOC_TEMP_JOB_ASYNC (Background)]
  Initial Block Size 1.0 MB
  Used Block Count 28
  Overflow Count (too large) 0
  Overflow Count (full) 0
[ALLOC_GFX] Dual Thread Allocator
  Peak main deferred allocation count 8072
    [ALLOC_BUCKET]
      Large Block size 4.0 MB
      Used Block count 1
      Peak Allocated bytes 4.0 MB
      Failed Allocations. Bucket layout:
        16B: 57 Subsections = 58368 buckets. Failed count: 101266720
        32B: 20 Subsections = 10240 buckets. Failed count: 74959661
        48B: 22 Subsections = 7509 buckets. Failed count: 58364997
        64B: 79 Subsections = 20224 buckets. Failed count: 6842262
        80B: 48 Subsections = 9830 buckets. Failed count: 6398248
        96B: 11 Subsections = 1877 buckets. Failed count: 3291549
        112B: 13 Subsections = 1901 buckets. Failed count: 5202247
        128B: 6 Subsections = 768 buckets. Failed count: 3016205
    [ALLOC_GFX_MAIN]
      Peak usage frame count: [1.0 MB-2.0 MB]: 4494 frames, [2.0 MB-4.0 MB]: 388530 frames, [4.0 MB-8.0 MB]: 58522 frames, [8.0 MB-16.0 MB]: 142665 frames, [16.0 MB-32.0 MB]: 364195 frames, [32.0 MB-64.0 MB]: 73 frames
      Requested Block Size 16.0 MB
      Peak Block count 5
      Peak Allocated memory 53.1 MB
      Peak Large allocation bytes 0 B
    [ALLOC_GFX_THREAD]
      Peak usage frame count: [16.0 MB-32.0 MB]: 958479 frames
      Requested Block Size 16.0 MB
      Peak Block count 2
      Peak Allocated memory 27.3 MB
      Peak Large allocation bytes 0 B
[ALLOC_CACHEOBJECTS] Dual Thread Allocator
  Peak main deferred allocation count 257316
    [ALLOC_BUCKET]
      Large Block size 4.0 MB
      Used Block count 1
      Peak Allocated bytes 4.0 MB
      Failed Allocations. Bucket layout:
        16B: 57 Subsections = 58368 buckets. Failed count: 101266720
        32B: 20 Subsections = 10240 buckets. Failed count: 74959661
        48B: 22 Subsections = 7509 buckets. Failed count: 58364997
        64B: 79 Subsections = 20224 buckets. Failed count: 6842262
        80B: 48 Subsections = 9830 buckets. Failed count: 6398248
        96B: 11 Subsections = 1877 buckets. Failed count: 3291549
        112B: 13 Subsections = 1901 buckets. Failed count: 5202247
        128B: 6 Subsections = 768 buckets. Failed count: 3016205
    [ALLOC_CACHEOBJECTS_MAIN]
      Peak usage frame count: [16.0 MB-32.0 MB]: 12483 frames, [32.0 MB-64.0 MB]: 945994 frames, [64.0 MB-128.0 MB]: 2 frames
      Requested Block Size 4.0 MB
      Peak Block count 34
      Peak Allocated memory 122.4 MB
      Peak Large allocation bytes 10.1 MB
    [ALLOC_CACHEOBJECTS_THREAD]
      Peak usage frame count: [16.0 MB-32.0 MB]: 958468 frames, [32.0 MB-64.0 MB]: 11 frames
      Requested Block Size 4.0 MB
      Peak Block count 7
      Peak Allocated memory 41.6 MB
      Peak Large allocation bytes 20.8 MB
[ALLOC_TYPETREE] Dual Thread Allocator
  Peak main deferred allocation count 0
    [ALLOC_BUCKET]
      Large Block size 4.0 MB
      Used Block count 1
      Peak Allocated bytes 4.0 MB
      Failed Allocations. Bucket layout:
        16B: 57 Subsections = 58368 buckets. Failed count: 101266720
        32B: 20 Subsections = 10240 buckets. Failed count: 74959661
        48B: 22 Subsections = 7509 buckets. Failed count: 58364997
        64B: 79 Subsections = 20224 buckets. Failed count: 6842262
        80B: 48 Subsections = 9830 buckets. Failed count: 6398248
        96B: 11 Subsections = 1877 buckets. Failed count: 3291549
        112B: 13 Subsections = 1901 buckets. Failed count: 5202247
        128B: 6 Subsections = 768 buckets. Failed count: 3016205
    [ALLOC_TYPETREE_MAIN]
      Peak usage frame count: [32.0 KB-64.0 KB]: 6694 frames, [64.0 KB-128.0 KB]: 951785 frames
      Requested Block Size 2.0 MB
      Peak Block count 1
      Peak Allocated memory 74.8 KB
      Peak Large allocation bytes 0 B
    [ALLOC_TYPETREE_THREAD]
      Peak usage frame count: [16.0 KB-32.0 KB]: 958479 frames
      Requested Block Size 2.0 MB
      Peak Block count 1
      Peak Allocated memory 26.9 KB
      Peak Large allocation bytes 0 B
